Arguments: 
  C:\Program Files\nodejs\node.exe C:\Program Files (x86)\Yarn\bin\yarn.js add react-select

PATH: 
  C:\Users\ffadi\AppData\Roaming\npm\node_modules\npm\node_modules\npm-lifecycle\node-gyp-bin;C:\Users\ffadi\Desktop\ReactFEShachar\projects-assignments-client\node_modules\.bin;C:\Users\ffadi\AppData\Roaming\npm\node_modules\npm\node_modules\npm-lifecycle\node-gyp-bin;C:\Users\ffadi\Desktop\ReactFEShachar\projects-assignments-client\node_modules\.bin;C:\Program Files\Java\jdk1.8.0_221\bin;C:\ProgramData\Oracle\Java\javapath;C:\Program Files\Microsoft MPI\Bin\;"C:\ProgramData\Oracle\Java\javapath;C:\Program Files\Java\jdk-9.0.1\bin;C:\WINDOWS\system32";C:\Program Files (x86)\Intel\iCLS Client\;C:\Program Files\Intel\iCLS Client\;"C:\Windows\system32;";C:\Windows;C:\Windows\System32\Wbem;C:\Windows\System32\WindowsPowerShell\v1.0\;C:\Program Files (x86)\Intel\Intel(R) Management Engine Components\DAL;C:\Program Files\Intel\Intel(R) Management Engine Components\DAL;C:\Program Files (x86)\Intel\Intel(R) Management Engine Components\IPT;C:\Program Files\Intel\Intel(R) Management Engine Components\IPT;C:\Program Files (x86)\NVIDIA Corporation\PhysX\Common;C:\WINDOWS\system32;C:\WINDOWS;C:\WINDOWS\System32\Wbem;C:\WINDOWS\System32\WindowsPowerShell\v1.0\;C:\Program Files (x86)\Microsoft SQL Server\140\Tools\Binn\;C:\Program Files (x86)\Microsoft SQL Server\140\DTS\Binn\;C:\Program Files\Microsoft SQL Server\140\Tools\Binn\;C:\Program Files\Microsoft SQL Server\140\DTS\Binn\;C:\Program Files\Microsoft SQL Server\Client SDK\ODBC\130\Tools\Binn\;C:\Program Files\Microsoft SQL Server\Client SDK\ODBC\110\Tools\Binn\;C:\Program Files (x86)\Microsoft SQL Server\120\Tools\Binn\;C:\Program Files\Microsoft SQL Server\120\Tools\Binn\;C:\Program Files\Microsoft SQL Server\120\DTS\Binn\;C:\Program Files\dotnet\;C:\Program Files\Microsoft SQL Server\130\Tools\Binn\;C:\WINDOWS\System32\OpenSSH\;C:\apache-ant-1.9.13\bin;C:\Program Files\nodejs\;C:\ProgramData\chocolatey\bin;C:\Program Files\Git\cmd;C:\Program Files (x86)\Yarn\bin\;C:\Program Files\nodejs\;C:\users\ffadi\AppData\Local\Programs\Microsoft VS Code;C:\Program Files\MySQL\MySQL Shell 8.0\bin\;C:\Users\ffadi\AppData\Local\Programs\Microsoft VS Code\bin;C:\Users\ffadi\AppData\Local\Yarn\bin;C:\Program Files\nodejs\;

Yarn version: 
  1.17.3

Node version: 
  11.9.0

Platform: 
  win32 x64

Trace: 
  Error: EPERM: operation not permitted, unlink 'C:\Users\ffadi\Desktop\ReactFEShachar\projects-assignments-client\node_modules\deasync\bin\win32-x64-node-11\deasync.node'

npm manifest: 
  {
    "name": "projects-assignments-client",
    "version": "1.0.0",
    "description": "Project for assigning skilled employees to relevant worldwide Amdocs projects",
    "main": "index.js",
    "scripts": {
      "start": "npm run server",
      "server": "parcel index.html -p 3000"
    },
    "repository": {
      "type": "git",
      "url": "git+https://github.com/ShacharGrauman/projects-assignments-client.git"
    },
    "author": "Shahar Grauman",
    "license": "ISC",
    "bugs": {
      "url": "https://github.com/ShacharGrauman/projects-assignments-client/issues"
    },
    "homepage": "https://github.com/ShacharGrauman/projects-assignments-client#readme",
    "devDependencies": {
      "parcel-bundler": "^1.12.3",
      "parcel-plugin-asset-copier": "^1.0.0"
    },
    "dependencies": {
      "@fortawesome/fontawesome-svg-core": "^1.2.22",
      "@fortawesome/free-solid-svg-icons": "^5.10.2",
      "@fortawesome/react-fontawesome": "^0.1.4",
      "highcharts": "^7.2.0",
      "highcharts-react-official": "^2.2.2",
      "prop-types": "15.7.2",
      "react": "^16.9.0",
      "react-datepicker": "^2.9.6",
      "react-dom": "^16.9.0",
      "react-router-dom": "^5.0.1",
      "react-select-country-list": "^2.0.1"
    },
    "assetsPath": "assets/"
  }

yarn manifest: 
  No manifest

Lockfile: 
  No lockfile
